{
  "RSpec": {
    "coverage": {
      "/home/developer/index_api/app/controllers/application_controller.rb": [
        1,
        1,
        1,
        null,
        1,
        2,
        null,
        null,
        1,
        20,
        20,
        0,
        null,
        0,
        0,
        0,
        null,
        null,
        null,
        null,
        1,
        20,
        0,
        0,
        null,
        null,
        null,
        1,
        10,
        0,
        null,
        null,
        null,
        1,
        40,
        null,
        null,
        null
      ],
      "/home/developer/index_api/app/helpers/application_helper.rb": [
        1,
        null
      ],
      "/home/developer/index_api/app/helpers/articles_helper.rb": [
        1,
        null
      ],
      "/home/developer/index_api/app/helpers/auth_helper.rb": [
        1,
        null
      ],
      "/home/developer/index_api/app/helpers/categories_helper.rb": [
        1,
        null
      ],
      "/home/developer/index_api/app/helpers/comments_helper.rb": [
        1,
        null
      ],
      "/home/developer/index_api/app/helpers/users_helper.rb": [
        1,
        null
      ],
      "/home/developer/index_api/app/models/admin_user.rb": [
        1,
        null,
        null,
        1,
        null,
        null
      ],
      "/home/developer/index_api/app/models/application_record.rb": [
        1,
        1,
        null
      ],
      "/home/developer/index_api/app/admin/author.rb": [
        1,
        1,
        null,
        1,
        1,
        1,
        1,
        null,
        0,
        null,
        1,
        null,
        null,
        null,
        1,
        1,
        1,
        1,
        null,
        0,
        null,
        1,
        null,
        null,
        null,
        1,
        0,
        0,
        0,
        0,
        0,
        0,
        null,
        0,
        null,
        null,
        1,
        0,
        0,
        0,
        0,
        0,
        0,
        null,
        0,
        0,
        0,
        0,
        null,
        null,
        0,
        0,
        null,
        null,
        null,
        null,
        null,
        null,
        null,
        null,
        null,
        null,
        1,
        1,
        1,
        1,
        null,
        null
      ],
      "/home/developer/index_api/app/models/user.rb": [
        1,
        1,
        1,
        1,
        1,
        1,
        null,
        1,
        12,
        null,
        null,
        1,
        1,
        1,
        1,
        null,
        null,
        null,
        1,
        1,
        null,
        null,
        1,
        0,
        0,
        0,
        null,
        null,
        1,
        null,
        1,
        1,
        null,
        null,
        null
      ],
      "/home/developer/index_api/app/admin/dashboard.rb": [
        null,
        1,
        1,
        null,
        1,
        0,
        0,
        0,
        0,
        null,
        null,
        null,
        null,
        null,
        null,
        null,
        null,
        null,
        null,
        null,
        null,
        null,
        null,
        null,
        null,
        null,
        null,
        null,
        null,
        null,
        null,
        null,
        null
      ],
      "/home/developer/index_api/app/mailers/confirmation_mailer.rb": [
        1,
        1,
        null,
        1,
        2,
        2,
        null,
        null,
        null
      ],
      "/home/developer/index_api/app/mailers/application_mailer.rb": [
        1,
        1,
        1,
        null
      ],
      "/home/developer/index_api/app/controllers/articles_controller.rb": [
        1,
        1,
        1,
        1,
        1,
        1,
        1,
        null,
        1,
        2,
        2,
        1,
        null,
        1,
        null,
        null,
        null,
        1,
        1,
        1,
        null,
        0,
        null,
        null,
        null,
        1,
        2,
        2,
        1,
        null,
        1,
        null,
        null,
        null,
        1,
        2,
        2,
        2,
        2,
        2,
        2,
        null,
        0,
        null,
        null,
        null,
        1,
        2,
        null,
        null,
        null,
        2,
        null,
        null,
        null,
        null,
        null,
        null,
        null,
        null,
        2,
        2,
        1,
        1,
        null,
        1,
        null,
        null,
        null,
        1,
        2,
        2,
        null,
        0,
        null,
        null,
        null,
        1,
        2,
        2,
        2,
        null,
        0,
        null,
        null,
        null,
        1,
        1,
        1,
        1,
        null,
        0,
        null,
        null,
        null,
        1,
        2,
        2,
        1,
        null,
        1,
        null,
        null,
        null,
        null,
        1,
        1,
        4,
        null,
        null,
        1,
        9,
        9,
        null,
        null,
        1,
        7,
        null,
        null,
        1,
        2,
        1,
        null,
        2,
        1,
        null,
        null,
        null,
        1,
        2,
        0,
        0,
        0,
        null,
        0,
        0,
        null,
        0,
        null,
        null,
        null,
        null,
        null
      ],
      "/home/developer/index_api/app/controllers/auth_controller.rb": [
        1,
        1,
        1,
        null,
        1,
        3,
        3,
        2,
        1,
        1,
        null,
        null,
        null,
        null,
        1,
        null,
        null,
        null,
        null,
        1,
        null,
        1,
        0,
        null,
        null,
        1,
        0,
        null,
        null,
        null
      ],
      "/home/developer/index_api/app/controllers/categories_controller.rb": [
        1,
        1,
        1,
        2,
        2,
        1,
        null,
        1,
        null,
        null,
        null
      ],
      "/home/developer/index_api/app/controllers/comments_controller.rb": [
        1,
        1,
        1,
        null,
        1,
        4,
        4,
        4,
        2,
        null,
        2,
        null,
        null,
        null,
        1,
        2,
        2,
        1,
        null,
        1,
        null,
        null,
        null,
        null,
        1,
        1,
        4,
        null,
        null,
        1,
        6,
        6,
        null,
        null
      ],
      "/home/developer/index_api/app/controllers/passwords_controller.rb": [
        1,
        1,
        1,
        2,
        2,
        1,
        1,
        null,
        null,
        null,
        1,
        null,
        null,
        null,
        null,
        null,
        1,
        4,
        3,
        3,
        1,
        1,
        null,
        null,
        null,
        0,
        null,
        null,
        null,
        null,
        2,
        null,
        null,
        1,
        null,
        null,
        null,
        null,
        null
      ],
      "/home/developer/index_api/app/controllers/users_controller.rb": [
        1,
        1,
        1,
        null,
        1,
        1,
        1,
        1,
        1,
        1,
        1,
        1,
        null,
        null,
        null,
        null,
        null,
        0,
        null,
        null,
        null,
        1,
        1,
        1,
        null,
        null,
        1,
        0,
        null,
        null
      ],
      "/home/developer/index_api/app/jobs/mailer_job.rb": [
        1,
        1,
        null,
        1,
        0,
        null,
        null
      ],
      "/home/developer/index_api/app/jobs/application_job.rb": [
        1,
        null,
        null,
        null,
        null,
        null,
        null
      ],
      "/home/developer/index_api/app/models/article.rb": [
        1,
        1,
        1,
        1,
        1,
        1,
        1,
        1,
        1,
        1,
        null,
        1,
        63,
        null,
        null,
        1,
        9,
        null,
        null,
        null,
        1,
        4,
        4,
        4,
        2,
        2,
        null,
        null,
        1,
        0,
        0,
        0,
        null,
        null,
        null,
        null,
        null
      ],
      "/home/developer/index_api/app/models/category.rb": [
        1,
        1,
        null,
        1,
        12,
        null,
        null
      ],
      "/home/developer/index_api/app/models/comment.rb": [
        1,
        1,
        1,
        1,
        null
      ],
      "/home/developer/index_api/app/models/tag.rb": [
        1,
        1,
        1,
        1,
        1,
        null,
        1,
        null,
        1,
        3,
        null,
        null,
        null
      ],
      "/home/developer/index_api/app/models/tagging.rb": [
        1,
        1,
        1,
        null
      ],
      "/home/developer/index_api/app/serializers/article_serializer.rb": [
        1,
        1,
        1,
        null,
        14,
        0,
        0,
        null,
        null,
        14,
        0,
        null,
        null
      ],
      "/home/developer/index_api/app/serializers/user_serializer.rb": [
        1,
        1,
        null
      ],
      "/home/developer/index_api/app/serializers/comment_serializer.rb": [
        1,
        1,
        1,
        null,
        1,
        3,
        3,
        null,
        null,
        null,
        null
      ],
      "/home/developer/index_api/app/channels/application_cable/channel.rb": [
        0,
        0,
        0,
        0
      ],
      "/home/developer/index_api/app/channels/application_cable/connection.rb": [
        0,
        0,
        0,
        0
      ]
    },
    "timestamp": 1715861451
  }
}
